Performing C SOURCE FILE Test CMAKE_HAVE_LIBC_PTHREAD failed with the following output:
Change Dir: /home/robot-nuc12/catkin_ws/src/slam/SLAM_Box/build/CMakeFiles/CMakeTmp

Run Build Command(s):/usr/bin/make -f Makefile cmTC_c2220/fast && /usr/bin/make  -f CMakeFiles/cmTC_c2220.dir/build.make CMakeFiles/cmTC_c2220.dir/build
make[1]: 进入目录“/home/robot-nuc12/catkin_ws/src/slam/SLAM_Box/build/CMakeFiles/CMakeTmp”
Building C object CMakeFiles/cmTC_c2220.dir/src.c.o
/usr/bin/gcc -DCMAKE_HAVE_LIBC_PTHREAD   -o CMakeFiles/cmTC_c2220.dir/src.c.o -c /home/robot-nuc12/catkin_ws/src/slam/SLAM_Box/build/CMakeFiles/CMakeTmp/src.c
Linking C executable cmTC_c2220
/opt/cmake-3.21.4/bin/cmake -E cmake_link_script CMakeFiles/cmTC_c2220.dir/link.txt --verbose=1
/usr/bin/gcc -rdynamic CMakeFiles/cmTC_c2220.dir/src.c.o -o cmTC_c2220 
/usr/bin/ld: CMakeFiles/cmTC_c2220.dir/src.c.o: in function `main':
src.c:(.text+0x46): undefined reference to `pthread_create'
/usr/bin/ld: src.c:(.text+0x52): undefined reference to `pthread_detach'
/usr/bin/ld: src.c:(.text+0x5e): undefined reference to `pthread_cancel'
/usr/bin/ld: src.c:(.text+0x6f): undefined reference to `pthread_join'
collect2: error: ld returned 1 exit status
make[1]: *** [CMakeFiles/cmTC_c2220.dir/build.make:99：cmTC_c2220] 错误 1
make[1]: 离开目录“/home/robot-nuc12/catkin_ws/src/slam/SLAM_Box/build/CMakeFiles/CMakeTmp”
make: *** [Makefile:127：cmTC_c2220/fast] 错误 2


Source file was:
#include <pthread.h>

static void* test_func(void* data)
{
  return data;
}

int main(void)
{
  pthread_t thread;
  pthread_create(&thread, NULL, test_func, NULL);
  pthread_detach(thread);
  pthread_cancel(thread);
  pthread_join(thread, NULL);
  pthread_atfork(NULL, NULL, NULL);
  pthread_exit(NULL);

  return 0;
}

Determining if the function pthread_create exists in the pthreads failed with the following output:
Change Dir: /home/robot-nuc12/catkin_ws/src/slam/SLAM_Box/build/CMakeFiles/CMakeTmp

Run Build Command(s):/usr/bin/make -f Makefile cmTC_510cd/fast && /usr/bin/make  -f CMakeFiles/cmTC_510cd.dir/build.make CMakeFiles/cmTC_510cd.dir/build
make[1]: 进入目录“/home/robot-nuc12/catkin_ws/src/slam/SLAM_Box/build/CMakeFiles/CMakeTmp”
Building C object CMakeFiles/cmTC_510cd.dir/CheckFunctionExists.c.o
/usr/bin/gcc   -DCHECK_FUNCTION_EXISTS=pthread_create -o CMakeFiles/cmTC_510cd.dir/CheckFunctionExists.c.o -c /opt/cmake-3.21.4/share/cmake-3.21/Modules/CheckFunctionExists.c
Linking C executable cmTC_510cd
/opt/cmake-3.21.4/bin/cmake -E cmake_link_script CMakeFiles/cmTC_510cd.dir/link.txt --verbose=1
/usr/bin/gcc  -DCHECK_FUNCTION_EXISTS=pthread_create -rdynamic CMakeFiles/cmTC_510cd.dir/CheckFunctionExists.c.o -o cmTC_510cd  -lpthreads 
/usr/bin/ld: 找不到 -lpthreads
collect2: error: ld returned 1 exit status
make[1]: *** [CMakeFiles/cmTC_510cd.dir/build.make:99：cmTC_510cd] 错误 1
make[1]: 离开目录“/home/robot-nuc12/catkin_ws/src/slam/SLAM_Box/build/CMakeFiles/CMakeTmp”
make: *** [Makefile:127：cmTC_510cd/fast] 错误 2



